0 info it worked if it ends with ok
1 verbose cli [ '/usr/local/Cellar/node/6.8.1/bin/node',
1 verbose cli   '/usr/local/bin/npm',
1 verbose cli   'run',
1 verbose cli   'build' ]
2 info using npm@3.10.9
3 info using node@v6.8.1
4 verbose run-script [ 'prebuild', 'build', 'postbuild' ]
5 info lifecycle i_development@1.0.0~prebuild: i_development@1.0.0
6 silly lifecycle i_development@1.0.0~prebuild: no script for prebuild, continuing
7 info lifecycle i_development@1.0.0~build: i_development@1.0.0
8 verbose lifecycle i_development@1.0.0~build: unsafe-perm in lifecycle true
9 verbose lifecycle i_development@1.0.0~build: PATH: /usr/local/lib/node_modules/npm/bin/node-gyp-bin:/CLOUD/Environment/workspace.docker/GettingStartedWithDocker/Quickstart_Images/i_development/node_modules/.bin:/usr/local/Cellar/node/6.8.1/bin:/opt/local/bin:/usr/local/bin:/Application/XAMPP/bin:/usr/local/bin:/usr/bin:/bin:/usr/sbin:/sbin:/opt/X11/bin:/Applications/Server.app/Contents/ServerRoot/usr/bin:/Applications/Server.app/Contents/ServerRoot/usr/sbin:/Library/Frameworks/Mono.framework/Versions/Current/Commands:$:/CLOUD/DevApps/Android/SDK/platform-tools:/CLOUD/DevApps/Android/SDK/tools:/CLOUD/Environment/bin:/Users/RalphG/bin.links:/Users/RalphG/bin.docker:/Users/RalphG/bin.dev:/Users/RalphG/bin.eyetv:/Users/RalphG/bin
10 verbose lifecycle i_development@1.0.0~build: CWD: /CLOUD/Environment/workspace.docker/GettingStartedWithDocker/Quickstart_Images/i_development
11 silly lifecycle i_development@1.0.0~build: Args: [ '-c', 'docker build -t            i_development .' ]
12 silly lifecycle i_development@1.0.0~build: Returned: code: 100  signal: null
13 info lifecycle i_development@1.0.0~build: Failed to exec build script
14 verbose stack Error: i_development@1.0.0 build: `docker build -t            i_development .`
14 verbose stack Exit status 100
14 verbose stack     at EventEmitter.<anonymous> (/usr/local/lib/node_modules/npm/lib/utils/lifecycle.js:255:16)
14 verbose stack     at emitTwo (events.js:106:13)
14 verbose stack     at EventEmitter.emit (events.js:191:7)
14 verbose stack     at ChildProcess.<anonymous> (/usr/local/lib/node_modules/npm/lib/utils/spawn.js:40:14)
14 verbose stack     at emitTwo (events.js:106:13)
14 verbose stack     at ChildProcess.emit (events.js:191:7)
14 verbose stack     at maybeClose (internal/child_process.js:877:16)
14 verbose stack     at Process.ChildProcess._handle.onexit (internal/child_process.js:226:5)
15 verbose pkgid i_development@1.0.0
16 verbose cwd /CLOUD/Environment/workspace.docker/GettingStartedWithDocker/Quickstart_Images/i_development
17 error Darwin 16.0.0
18 error argv "/usr/local/Cellar/node/6.8.1/bin/node" "/usr/local/bin/npm" "run" "build"
19 error node v6.8.1
20 error npm  v3.10.9
21 error code ELIFECYCLE
22 error i_development@1.0.0 build: `docker build -t            i_development .`
22 error Exit status 100
23 error Failed at the i_development@1.0.0 build script 'docker build -t            i_development .'.
23 error Make sure you have the latest version of node.js and npm installed.
23 error If you do, this is most likely a problem with the i_development package,
23 error not with npm itself.
23 error Tell the author that this fails on your system:
23 error     docker build -t            i_development .
23 error You can get information on how to open an issue for this project with:
23 error     npm bugs i_development
23 error Or if that isn't available, you can get their info via:
23 error     npm owner ls i_development
23 error There is likely additional logging output above.
24 verbose exit [ 1, true ]
